Using pre-set license
Built from '2020.3/staging' branch; Version is '2020.3.30f1 (1fb1bf06830e) revision 2077119'; Using compiler version '192528614'; Build Type 'Release'
OS: 'Windows 10  (10.0.19045) 64bit Professional' Language: 'en' Physical Memory: 16075 MB
BatchMode: 1, IsHumanControllingUs: 0, StartBugReporterOnCrash: 0, Is64bit: 1, IsPro: 0

COMMAND LINE ARGUMENTS:
C:\Program Files\Unity\Hub\Editor\2020.3.30f1\Editor\Unity.exe
-adb2
-batchMode
-noUpm
-name
AssetImportWorker0
-projectPath
C:/Users/Illad/Programming/No-balance-Swing-/No balance
-logFile
Logs/AssetImportWorker0.log
-srvPort
62630
Successfully changed project path to: C:/Users/Illad/Programming/No-balance-Swing-/No balance
C:/Users/Illad/Programming/No-balance-Swing-/No balance
Using Asset Import Pipeline V2.
Refreshing native plugins compatible for Editor in 46.08 ms, found 2 plugins.
Preloading 0 native plugins for Editor in 0.00 ms.
Initialize engine version: 2020.3.30f1 (1fb1bf06830e)
[Subsystems] Discovering subsystems at path C:/Program Files/Unity/Hub/Editor/2020.3.30f1/Editor/Data/Resources/UnitySubsystems
[Subsystems] Discovering subsystems at path C:/Users/Illad/Programming/No-balance-Swing-/No balance/Assets
GfxDevice: creating device client; threaded=0
Direct3D:
    Version:  Direct3D 11.0 [level 11.1]
    Renderer: NVIDIA GeForce RTX 3050 Laptop GPU (ID=0x25a2)
    Vendor:   
    VRAM:     3991 MB
    Driver:   31.0.15.1748
Initialize mono
Mono path[0] = 'C:/Program Files/Unity/Hub/Editor/2020.3.30f1/Editor/Data/Managed'
Mono path[1] = 'C:/Program Files/Unity/Hub/Editor/2020.3.30f1/Editor/Data/MonoBleedingEdge/lib/mono/unityjit'
Mono config path = 'C:/Program Files/Unity/Hub/Editor/2020.3.30f1/Editor/Data/MonoBleedingEdge/etc'
Using monoOptions --debugger-agent=transport=dt_socket,embedding=1,server=y,suspend=n,address=127.0.0.1:56072
Begin MonoManager ReloadAssembly
Registering precompiled unity dll's ...
Register platform support module: C:/Program Files/Unity/Hub/Editor/2020.3.30f1/Editor/Data/PlaybackEngines/WebGLSupport/UnityEditor.WebGL.Extensions.dll
Register platform support module: C:/Program Files/Unity/Hub/Editor/2020.3.30f1/Editor/Data/PlaybackEngines/WindowsStandaloneSupport/UnityEditor.WindowsStandalone.Extensions.dll
Registered in 0.000934 seconds.
Native extension for WindowsStandalone target not found
Native extension for WebGL target not found
Refreshing native plugins compatible for Editor in 60.35 ms, found 2 plugins.
Preloading 0 native plugins for Editor in 0.00 ms.
Mono: successfully reloaded assembly
- Completed reload, in  0.618 seconds
Domain Reload Profiling:
	ReloadAssembly (618ms)
		BeginReloadAssembly (52ms)
			ExecutionOrderSort (0ms)
			DisableScriptedObjects (0ms)
			BackupInstance (0ms)
			ReleaseScriptingObjects (0ms)
			CreateAndSetChildDomain (1ms)
		EndReloadAssembly (501ms)
			LoadAssemblies (52ms)
			RebuildTransferFunctionScriptingTraits (0ms)
			SetupTypeCache (172ms)
			ReleaseScriptCaches (0ms)
			RebuildScriptCaches (30ms)
			SetupLoadedEditorAssemblies (192ms)
				LogAssemblyErrors (0ms)
				InitializePlatformSupportModulesInManaged (5ms)
				SetLoadedEditorAssemblies (0ms)
				RefreshPlugins (60ms)
				BeforeProcessingInitializeOnLoad (15ms)
				ProcessInitializeOnLoadAttributes (82ms)
				ProcessInitializeOnLoadMethodAttributes (28ms)
				AfterProcessingInitializeOnLoad (0ms)
				EditorAssembliesLoaded (0ms)
			ExecutionOrderSort2 (0ms)
			AwakeInstancesAfterBackupRestoration (0ms)
Platform modules already initialized, skipping
Registering precompiled user dll's ...
Registered in 0.002417 seconds.
Begin MonoManager ReloadAssembly
Native extension for WindowsStandalone target not found
Native extension for WebGL target not found
Refreshing native plugins compatible for Editor in 0.74 ms, found 2 plugins.
Preloading 0 native plugins for Editor in 0.00 ms.
Mono: successfully reloaded assembly
- Completed reload, in  1.038 seconds
Domain Reload Profiling:
	ReloadAssembly (1039ms)
		BeginReloadAssembly (139ms)
			ExecutionOrderSort (0ms)
			DisableScriptedObjects (4ms)
			BackupInstance (0ms)
			ReleaseScriptingObjects (0ms)
			CreateAndSetChildDomain (24ms)
		EndReloadAssembly (841ms)
			LoadAssemblies (92ms)
			RebuildTransferFunctionScriptingTraits (0ms)
			SetupTypeCache (318ms)
			ReleaseScriptCaches (0ms)
			RebuildScriptCaches (45ms)
			SetupLoadedEditorAssemblies (294ms)
				LogAssemblyErrors (0ms)
				InitializePlatformSupportModulesInManaged (7ms)
				SetLoadedEditorAssemblies (1ms)
				RefreshPlugins (1ms)
				BeforeProcessingInitializeOnLoad (90ms)
				ProcessInitializeOnLoadAttributes (184ms)
				ProcessInitializeOnLoadMethodAttributes (9ms)
				AfterProcessingInitializeOnLoad (2ms)
				EditorAssembliesLoaded (0ms)
			ExecutionOrderSort2 (0ms)
			AwakeInstancesAfterBackupRestoration (7ms)
Platform modules already initialized, skipping
========================================================================
Worker process is ready to serve import requests
Launched and connected shader compiler UnityShaderCompiler.exe after 0.04 seconds
Refreshing native plugins compatible for Editor in 0.73 ms, found 2 plugins.
Preloading 0 native plugins for Editor in 0.00 ms.
Unloading 2106 Unused Serialized files (Serialized files now loaded: 0)
System memory in use before: 86.3 MB.
System memory in use after: 86.3 MB.

Unloading 21 unused Assets to reduce memory usage. Loaded Objects now: 2536.
Total: 2.846500 ms (FindLiveObjects: 0.234400 ms CreateObjectMapping: 0.080700 ms MarkObjects: 2.445000 ms  DeleteObjects: 0.084500 ms)

AssetImportParameters requested are different than current active one (requested -> active):
  custom:framework-win-MediaFoundation: 216162199b28c13a410421893ffa2e32 -> 
  custom:video-decoder-ogg-theora: a1e56fd34408186e4bbccfd4996cb3dc -> 
  custom:container-muxer-webm: aa71ff27fc2769a1b78a27578f13a17b -> 
  custom:container-demuxer-webm: 4f35f7cbe854078d1ac9338744f61a02 -> 
  custom:container-demuxer-ogg: 62fdf1f143b41e24485cea50d1cbac27 -> 
  custom:video-encoder-webm-vp8: eb34c28f22e8b96e1ab97ce403110664 -> 
  custom:video-decoder-webm-vp8: 9c59270c3fd7afecdb556c50c9e8de78 -> 
  custom:audio-decoder-ogg-vorbis: bf7c407c2cedff20999df2af8eb42d56 -> 
  custom:audio-encoder-webm-vorbis: bf7c407c2cedff20999df2af8eb42d56 -> 
========================================================================
Received Import Request.
  path: Assets/Plugins/Zenject/OptionalExtras/IntegrationTests/Resources/TestDiContainerMethods/Camera.prefab
  artifactKey: Guid(0e8cb14a39fd6f249a44c7943b3fa7c0) Importer(815301076,1909f56bfc062723c751e8b465ee728b)
Start importing Assets/Plugins/Zenject/OptionalExtras/IntegrationTests/Resources/TestDiContainerMethods/Camera.prefab using Guid(0e8cb14a39fd6f249a44c7943b3fa7c0) Importer(815301076,1909f56bfc062723c751e8b465ee728b)  -> (artifact id: '9356f91459c9d5ed119b334fd3e7c99b') in 0.036902 seconds 
========================================================================
Received Import Request.
  Time since last request: 0.000237 seconds.
  path: Assets/Plugins/Zenject/OptionalExtras/IntegrationTests/Resources/TestDiContainerMethods/Foo2.asset
  artifactKey: Guid(0b8ab53bbd8332e429a6f0ed1dd3fe16) Importer(815301076,1909f56bfc062723c751e8b465ee728b)
Start importing Assets/Plugins/Zenject/OptionalExtras/IntegrationTests/Resources/TestDiContainerMethods/Foo2.asset using Guid(0b8ab53bbd8332e429a6f0ed1dd3fe16) Importer(815301076,1909f56bfc062723c751e8b465ee728b)  -> (artifact id: 'db08d55ee5e63b71d95e35343305d9f2') in 0.002884 seconds 
========================================================================
Received Import Request.
  Time since last request: 0.000207 seconds.
  path: Assets/Plugins/Zenject/OptionalExtras/IntegrationTests/Resources/TestDiContainerMethods/Gorp.prefab
  artifactKey: Guid(956d91076f66be1488d99299c06d37b8) Importer(815301076,1909f56bfc062723c751e8b465ee728b)
Start importing Assets/Plugins/Zenject/OptionalExtras/IntegrationTests/Resources/TestDiContainerMethods/Gorp.prefab using Guid(956d91076f66be1488d99299c06d37b8) Importer(815301076,1909f56bfc062723c751e8b465ee728b)  -> (artifact id: 'f35262924b0e2b93470a293f379077e7') in 0.006019 seconds 
========================================================================
Received Import Request.
  Time since last request: 0.000238 seconds.
  path: Assets/Plugins/Zenject/OptionalExtras/IntegrationTests/Resources/TestDiContainerMethods/Gorp2.asset
  artifactKey: Guid(de8d2dce06221cc4cb9fa957aebc8f15) Importer(815301076,1909f56bfc062723c751e8b465ee728b)
Start importing Assets/Plugins/Zenject/OptionalExtras/IntegrationTests/Resources/TestDiContainerMethods/Gorp2.asset using Guid(de8d2dce06221cc4cb9fa957aebc8f15) Importer(815301076,1909f56bfc062723c751e8b465ee728b)  -> (artifact id: '30b4dbbf033cc942dfe392d39faa687f') in 0.002308 seconds 
========================================================================
Received Import Request.
  Time since last request: 0.000162 seconds.
  path: Assets/Plugins/Zenject/OptionalExtras/IntegrationTests/Resources/TestDiContainerMethods/Foo.prefab
  artifactKey: Guid(d193bc261e49cce4eb82e05b80485388) Importer(815301076,1909f56bfc062723c751e8b465ee728b)
Start importing Assets/Plugins/Zenject/OptionalExtras/IntegrationTests/Resources/TestDiContainerMethods/Foo.prefab using Guid(d193bc261e49cce4eb82e05b80485388) Importer(815301076,1909f56bfc062723c751e8b465ee728b)  -> (artifact id: 'e448e3fa579fe5b0170758bbb9ebd852') in 0.003566 seconds 
========================================================================
Received Import Request.
  Time since last request: 34.610453 seconds.
  path: Assets/Plugins/Zenject/OptionalExtras/IntegrationTests/Factories/Resources/TestBindFactory/Bar.asset
  artifactKey: Guid(c910fc8c1b89e63428292071be74fb96) Importer(815301076,1909f56bfc062723c751e8b465ee728b)
Start importing Assets/Plugins/Zenject/OptionalExtras/IntegrationTests/Factories/Resources/TestBindFactory/Bar.asset using Guid(c910fc8c1b89e63428292071be74fb96) Importer(815301076,1909f56bfc062723c751e8b465ee728b)  -> (artifact id: '281d3f5fff4b2e303781cd4beb7f66de') in 0.001680 seconds 
========================================================================
Received Import Request.
  Time since last request: 0.000244 seconds.
  path: Assets/Plugins/Zenject/OptionalExtras/IntegrationTests/Factories/Resources/TestBindFactory/Camera.prefab
  artifactKey: Guid(4b06f8082448e80458c9e2a87fef6131) Importer(815301076,1909f56bfc062723c751e8b465ee728b)
Start importing Assets/Plugins/Zenject/OptionalExtras/IntegrationTests/Factories/Resources/TestBindFactory/Camera.prefab using Guid(4b06f8082448e80458c9e2a87fef6131) Importer(815301076,1909f56bfc062723c751e8b465ee728b)  -> (artifact id: 'afa0c53a77bb0cbd1eb147a28153a725') in 0.003580 seconds 
========================================================================
Received Import Request.
  Time since last request: 0.000213 seconds.
  path: Assets/Plugins/Zenject/OptionalExtras/IntegrationTests/Factories/Resources/TestBindFactory/Foo.prefab
  artifactKey: Guid(1f6c6b0b26248ff40ab262d17954f3cd) Importer(815301076,1909f56bfc062723c751e8b465ee728b)
Start importing Assets/Plugins/Zenject/OptionalExtras/IntegrationTests/Factories/Resources/TestBindFactory/Foo.prefab using Guid(1f6c6b0b26248ff40ab262d17954f3cd) Importer(815301076,1909f56bfc062723c751e8b465ee728b)  -> (artifact id: 'c9fda33c564aa7b627ded035aeb5a7b7') in 0.003556 seconds 
========================================================================
Received Import Request.
  Time since last request: 0.000246 seconds.
  path: Assets/Plugins/Zenject/OptionalExtras/IntegrationTests/Factories/Resources/TestBindFactory/FooSubContainer.prefab
  artifactKey: Guid(5c4623f8776b50946bec4dd4e9b322e1) Importer(815301076,1909f56bfc062723c751e8b465ee728b)
Start importing Assets/Plugins/Zenject/OptionalExtras/IntegrationTests/Factories/Resources/TestBindFactory/FooSubContainer.prefab using Guid(5c4623f8776b50946bec4dd4e9b322e1) Importer(815301076,1909f56bfc062723c751e8b465ee728b)  -> (artifact id: '28746893c75547545cff9b7109e14684') in 0.004777 seconds 
========================================================================
Received Import Request.
  Time since last request: 0.000307 seconds.
  path: Assets/Plugins/Zenject/OptionalExtras/IntegrationTests/Factories/Resources/TestBindFactory/TestTexture.png
  artifactKey: Guid(7dd391639aa29ed45a73e9a214f4872c) Importer(815301076,1909f56bfc062723c751e8b465ee728b)
Start importing Assets/Plugins/Zenject/OptionalExtras/IntegrationTests/Factories/Resources/TestBindFactory/TestTexture.png using Guid(7dd391639aa29ed45a73e9a214f4872c) Importer(815301076,1909f56bfc062723c751e8b465ee728b)  -> (artifact id: '7d238a0c8329df1994a2fb92947b00e3') in 0.028042 seconds 
========================================================================
Received Import Request.
  Time since last request: 6.703635 seconds.
  path: Assets/Materials/Ball Default Material.mat
  artifactKey: Guid(d4e7becb061004e41a5700365e0ca343) Importer(815301076,1909f56bfc062723c751e8b465ee728b)
Start importing Assets/Materials/Ball Default Material.mat using Guid(d4e7becb061004e41a5700365e0ca343) Importer(815301076,1909f56bfc062723c751e8b465ee728b)  -> (artifact id: '1f7529c090a19b5e1713ce9d2791b73b') in 0.057251 seconds 
AssetImportWorkerClient::OnTransportError - code=2 error=End of file
